[debug] [2020-02-18T14:21:09.792Z] ----------------------------------------------------------------------
[debug] [2020-02-18T14:21:09.843Z] Command:       C:\Program Files\nodejs\node.exe C:\Users\ESSIEN\AppData\Roaming\npm\node_modules\firebase-tools\lib\bin\firebase.js init
[debug] [2020-02-18T14:21:09.844Z] CLI Version:   7.13.0
[debug] [2020-02-18T14:21:09.844Z] Platform:      win32
[debug] [2020-02-18T14:21:09.844Z] Node Version:  v10.16.3
[debug] [2020-02-18T14:21:11.736Z] Time:          Tue Feb 18 2020 15:21:09 GMT+0100 (West Africa Standard Time)
[debug] [2020-02-18T14:21:11.737Z] ----------------------------------------------------------------------
[debug] [2020-02-18T14:21:11.737Z] 
[debug] [2020-02-18T14:21:11.862Z] > command requires scopes: ["email","openid","https://www.googleapis.com/auth/cloudplatformprojects.readonly","https://www.googleapis.com/auth/firebase","https://www.googleapis.com/auth/cloud-platform"]
[debug] [2020-02-18T14:21:11.863Z] > authorizing via signed-in user
[info] 
     ######## #### ########  ######## ########     ###     ######  ########
     ##        ##  ##     ## ##       ##     ##  ##   ##  ##       ##
     ######    ##  ########  ######   ########  #########  ######  ######
     ##        ##  ##    ##  ##       ##     ## ##     ##       ## ##
     ##       #### ##     ## ######## ########  ##     ##  ######  ########

You're about to initialize a Firebase project in this directory:

  C:\Users\ESSIEN\Desktop\dev\projects\vue-calendar

[info] 
=== Project Setup
[info] 
[info] First, let's associate this project directory with a Firebase project.
[info] You can create multiple project aliases by running firebase use --add, 
[info] but for now we'll just set up a default project.
[info] 
[info] i  If you want to create a project in a Google Cloud organization or folder, please use "firebase projects:create" instead, and return to this command when you've created the project.
[debug] [2020-02-18T14:23:20.216Z] > refreshing access token with scopes: ["email","https://www.googleapis.com/auth/cloud-platform","https://www.googleapis.com/auth/cloudplatformprojects.readonly","https://www.googleapis.com/auth/firebase","openid"]
[debug] [2020-02-18T14:23:20.218Z] >>> HTTP REQUEST POST https://www.googleapis.com/oauth2/v3/token  
 <request body omitted>
[debug] [2020-02-18T14:23:30.619Z] <<< HTTP RESPONSE 200
[debug] [2020-02-18T14:23:30.712Z] >>> HTTP REQUEST POST https://cloudresourcemanager.googleapis.com/v1/projects  

[debug] [2020-02-18T14:23:32.881Z] <<< HTTP RESPONSE 400
[debug] [2020-02-18T14:23:32.881Z] <<< HTTP RESPONSE BODY
[debug] [2020-02-18T14:23:33.666Z] HTTP Error: 400, field [project_id] has issue [project_id contains invalid characters]
[debug] [2020-02-18T14:23:43.865Z] FirebaseError: HTTP Error: 400, field [project_id] has issue [project_id contains invalid characters]
    at module.exports (C:\Users\ESSIEN\AppData\Roaming\npm\node_modules\firebase-tools\lib\responseToError.js:38:12)
    at Request._callback (C:\Users\ESSIEN\AppData\Roaming\npm\node_modules\firebase-tools\lib\api.js:39:35)
    at Request.self.callback (C:\Users\ESSIEN\AppData\Roaming\npm\node_modules\firebase-tools\node_modules\request\request.js:185:22)
    at Request.emit (events.js:198:13)
    at Request.EventEmitter.emit (domain.js:448:20)
    at Request.<anonymous> (C:\Users\ESSIEN\AppData\Roaming\npm\node_modules\firebase-tools\node_modules\request\request.js:1154:10)
    at Request.emit (events.js:198:13)
    at Request.EventEmitter.emit (domain.js:448:20)
    at IncomingMessage.<anonymous> (C:\Users\ESSIEN\AppData\Roaming\npm\node_modules\firebase-tools\node_modules\request\request.js:1076:12)
    at Object.onceWrapper (events.js:286:20)
    at IncomingMessage.emit (events.js:203:15)
    at IncomingMessage.EventEmitter.emit (domain.js:448:20)
    at endReadableNT (_stream_readable.js:1145:12)
    at process._tickCallback (internal/process/next_tick.js:63:19)
[error] 
[error] Error: Failed to create Google Cloud project. See firebase-debug.log for more info.
[debug] [2020-02-18T14:26:22.510Z] ----------------------------------------------------------------------
[debug] [2020-02-18T14:26:22.538Z] Command:       C:\Program Files\nodejs\node.exe C:\Users\ESSIEN\AppData\Roaming\npm\node_modules\firebase-tools\lib\bin\firebase.js init
[debug] [2020-02-18T14:26:22.539Z] CLI Version:   7.13.0
[debug] [2020-02-18T14:26:22.539Z] Platform:      win32
[debug] [2020-02-18T14:26:22.539Z] Node Version:  v10.16.3
[debug] [2020-02-18T14:26:22.785Z] Time:          Tue Feb 18 2020 15:26:22 GMT+0100 (West Africa Standard Time)
[debug] [2020-02-18T14:26:22.785Z] ----------------------------------------------------------------------
[debug] [2020-02-18T14:26:22.785Z] 
[debug] [2020-02-18T14:26:22.882Z] > command requires scopes: ["email","openid","https://www.googleapis.com/auth/cloudplatformprojects.readonly","https://www.googleapis.com/auth/firebase","https://www.googleapis.com/auth/cloud-platform"]
[debug] [2020-02-18T14:26:22.884Z] > authorizing via signed-in user
[info] 
     ######## #### ########  ######## ########     ###     ######  ########
     ##        ##  ##     ## ##       ##     ##  ##   ##  ##       ##
     ######    ##  ########  ######   ########  #########  ######  ######
     ##        ##  ##    ##  ##       ##     ## ##     ##       ## ##
     ##       #### ##     ## ######## ########  ##     ##  ######  ########

You're about to initialize a Firebase project in this directory:

  C:\Users\ESSIEN\Desktop\dev\projects\vue-calendar

[info] 
=== Project Setup
[info] 
[info] First, let's associate this project directory with a Firebase project.
[info] You can create multiple project aliases by running firebase use --add, 
[info] but for now we'll just set up a default project.
[info] 
[info] i  If you want to create a project in a Google Cloud organization or folder, please use "firebase projects:create" instead, and return to this command when you've created the project.
[debug] [2020-02-18T14:28:04.275Z] >>> HTTP REQUEST POST https://cloudresourcemanager.googleapis.com/v1/projects  

[debug] [2020-02-18T14:28:25.161Z] <<< HTTP RESPONSE 409
[debug] [2020-02-18T14:28:25.162Z] <<< HTTP RESPONSE BODY
[debug] [2020-02-18T14:28:25.193Z] HTTP Error: 409, Requested entity already exists
[debug] [2020-02-18T14:28:37.446Z] FirebaseError: HTTP Error: 409, Requested entity already exists
    at module.exports (C:\Users\ESSIEN\AppData\Roaming\npm\node_modules\firebase-tools\lib\responseToError.js:38:12)
    at Request._callback (C:\Users\ESSIEN\AppData\Roaming\npm\node_modules\firebase-tools\lib\api.js:39:35)
    at Request.self.callback (C:\Users\ESSIEN\AppData\Roaming\npm\node_modules\firebase-tools\node_modules\request\request.js:185:22)
    at Request.emit (events.js:198:13)
    at Request.EventEmitter.emit (domain.js:448:20)
    at Request.<anonymous> (C:\Users\ESSIEN\AppData\Roaming\npm\node_modules\firebase-tools\node_modules\request\request.js:1154:10)
    at Request.emit (events.js:198:13)
    at Request.EventEmitter.emit (domain.js:448:20)
    at IncomingMessage.<anonymous> (C:\Users\ESSIEN\AppData\Roaming\npm\node_modules\firebase-tools\node_modules\request\request.js:1076:12)
    at Object.onceWrapper (events.js:286:20)
    at IncomingMessage.emit (events.js:203:15)
    at IncomingMessage.EventEmitter.emit (domain.js:448:20)
    at endReadableNT (_stream_readable.js:1145:12)
    at process._tickCallback (internal/process/next_tick.js:63:19)
[error] 
[error] Error: Failed to create Google Cloud project. See firebase-debug.log for more info.
